Start testing: Nov 16 14:40 CST
----------------------------------------------------------
1/3 Testing: merge_basic_test
1/3 Test: merge_basic_test
Command: "/home/www/sbtree1/test/build/merge_basic_test"
Directory: /home/www/sbtree1/test/build
"merge_basic_test" start time: Nov 16 14:40 CST
Output:
----------------------------------------------------------
merge_basic_test passed.
<end of output>
Test time =   0.00 sec
----------------------------------------------------------
Test Passed.
"merge_basic_test" end time: Nov 16 14:40 CST
"merge_basic_test" time elapsed: 00:00:00
----------------------------------------------------------

2/3 Testing: concurrent_insert_flip_test
2/3 Test: concurrent_insert_flip_test
Command: "/home/www/sbtree1/test/build/concurrent_insert_flip_test"
Directory: /home/www/sbtree1/test/build
"concurrent_insert_flip_test" start time: Nov 16 14:40 CST
Output:
----------------------------------------------------------
concurrent_insert_flip_test passed. total=40000
<end of output>
Test time =   0.32 sec
----------------------------------------------------------
Test Passed.
"concurrent_insert_flip_test" end time: Nov 16 14:40 CST
"concurrent_insert_flip_test" time elapsed: 00:00:00
----------------------------------------------------------

3/3 Testing: read_fresh_test
3/3 Test: read_fresh_test
Command: "/home/www/sbtree1/test/build/read_fresh_test"
Directory: /home/www/sbtree1/test/build
"read_fresh_test" start time: Nov 16 14:40 CST
Output:
----------------------------------------------------------
read_fresh_test passed. total=200
<end of output>
Test time =   0.00 sec
----------------------------------------------------------
Test Passed.
"read_fresh_test" end time: Nov 16 14:40 CST
"read_fresh_test" time elapsed: 00:00:00
----------------------------------------------------------

End testing: Nov 16 14:40 CST
